[2011-10-29 19:48:06] request.ERROR: Symfony\Component\HttpKernel\Exception\NotFoundHttpException: No route found for "GET /" (uncaught exception) at /home/garciaf/FabFoto2/app/cache/prod/classes.php line 4546 [] []
[2011-10-29 19:48:17] request.ERROR: Symfony\Component\HttpKernel\Exception\NotFoundHttpException: No route found for "GET /mobiles/" (uncaught exception) at /home/garciaf/FabFoto2/app/cache/prod/classes.php line 4546 [] []
[2011-10-29 19:50:27] request.ERROR: Symfony\Component\HttpKernel\Exception\NotFoundHttpException: No route found for "GET /mobiles/" (uncaught exception) at /home/garciaf/FabFoto2/app/cache/prod/classes.php line 4546 [] []
[2011-10-29 19:50:31] request.ERROR: Symfony\Component\HttpKernel\Exception\NotFoundHttpException: No route found for "GET /" (uncaught exception) at /home/garciaf/FabFoto2/app/cache/prod/classes.php line 4546 [] []
[2011-10-29 19:53:07] request.ERROR: Symfony\Component\HttpKernel\Exception\NotFoundHttpException: No route found for "GET /" (uncaught exception) at /home/garciaf/FabFoto2/app/cache/prod/classes.php line 4546 [] []
[2011-10-29 20:00:34] request.ERROR: Symfony\Component\HttpKernel\Exception\NotFoundHttpException: No route found for "GET /" (uncaught exception) at /home/garciaf/FabFoto2/app/cache/prod/classes.php line 4546 [] []
[2011-10-29 20:03:00] request.ERROR: Symfony\Component\HttpKernel\Exception\NotFoundHttpException: No route found for "GET /" (uncaught exception) at /home/garciaf/FabFoto2/app/cache/prod/classes.php line 4546 [] []
[2011-10-29 20:03:09] request.ERROR: Symfony\Component\HttpKernel\Exception\NotFoundHttpException: No route found for "GET /" (uncaught exception) at /home/garciaf/FabFoto2/app/cache/prod/classes.php line 4546 [] []
[2011-10-29 20:03:15] request.ERROR: Symfony\Component\HttpKernel\Exception\NotFoundHttpException: No route found for "GET /mobiles" (uncaught exception) at /home/garciaf/FabFoto2/app/cache/prod/classes.php line 4546 [] []
[2011-10-29 20:07:41] request.ERROR: Symfony\Component\HttpKernel\Exception\NotFoundHttpException: No route found for "GET /" (uncaught exception) at /home/garciaf/FabFoto2/app/cache/prod/classes.php line 4546 [] []
[2011-10-29 20:11:50] request.ERROR: Symfony\Component\HttpKernel\Exception\NotFoundHttpException: No route found for "GET /admin/" (uncaught exception) at /home/garciaf/FabFoto2/app/cache/prod/classes.php line 4546 [] []
[2011-10-29 20:11:56] request.ERROR: Symfony\Component\HttpKernel\Exception\NotFoundHttpException: No route found for "GET /admin/pictures" (uncaught exception) at /home/garciaf/FabFoto2/app/cache/prod/classes.php line 4546 [] []
[2011-10-29 20:14:07] request.ERROR: Symfony\Component\HttpKernel\Exception\NotFoundHttpException: No route found for "GET /admin/pictures" (uncaught exception) at /home/garciaf/FabFoto2/app/cache/prod/classes.php line 4546 [] []
[2011-10-30 20:02:09] request.ERROR: Symfony\Component\HttpKernel\Exception\NotFoundHttpException: No route found for "GET /" (uncaught exception) at /home/garciaf/FabFoto2/app/cache/prod/classes.php line 4546 [] []
[2011-10-30 20:02:14] request.ERROR: Symfony\Component\HttpKernel\Exception\NotFoundHttpException: No route found for "GET /" (uncaught exception) at /home/garciaf/FabFoto2/app/cache/prod/classes.php line 4546 [] []
[2011-10-30 20:02:58] request.ERROR: Symfony\Component\HttpKernel\Exception\NotFoundHttpException: No route found for "GET /app/albums" (uncaught exception) at /home/garciaf/FabFoto2/app/cache/prod/classes.php line 4546 [] []
[2011-10-30 22:11:53] event.DEBUG: Notified event "kernel.request" to listener "Symfony\Bundle\FrameworkBundle\EventListener\RouterListener::onEarlyKernelRequest". [] []
[2011-10-30 22:11:53] event.DEBUG: Notified event "kernel.request" to listener "Symfony\Bundle\FrameworkBundle\EventListener\SessionListener::onKernelRequest". [] []
[2011-10-30 22:11:53] event.DEBUG: Notified event "kernel.request" to listener "Symfony\Component\Security\Http\Firewall::onKernelRequest". [] []
[2011-10-30 22:11:53] security.INFO: Populated SecurityContext with an anonymous Token [] []
[2011-10-30 22:11:53] event.DEBUG: Notified event "kernel.request" to listener "Symfony\Bundle\FrameworkBundle\EventListener\RouterListener::onKernelRequest". [] []
[2011-10-30 22:11:54] request.INFO: Matched route "show_articles" (parameters: "_controller": "Fabfoto\GalleryBundle\Controller\DefaultController::showArticlesAction", "_route": "show_articles") [] []
[2011-10-30 22:11:54] event.DEBUG: Notified event "kernel.controller" to listener "Sensio\Bundle\FrameworkExtraBundle\EventListener\ControllerListener::onKernelController". [] []
[2011-10-30 22:11:54] event.DEBUG: Notified event "kernel.controller" to listener "Sensio\Bundle\FrameworkExtraBundle\EventListener\ParamConverterListener::onKernelController". [] []
[2011-10-30 22:11:54] event.DEBUG: Notified event "kernel.controller" to listener "Sensio\Bundle\FrameworkExtraBundle\EventListener\TemplateListener::onKernelController". [] []
[2011-10-30 22:11:54] event.DEBUG: Notified event "kernel.controller" to listener "JMS\SecurityExtraBundle\Controller\ControllerListener::onCoreController". [] []
[2011-10-30 22:11:55] doctrine.DEBUG: SET NAMES UTF8 ([]) [] []
[2011-10-30 22:11:55] doctrine.DEBUG: SELECT t0.id AS id1, t0.title AS title2, t0.subtitle AS subtitle3, t0.createdAt AS createdAt4, t0.content AS content5, t0.author AS author6 FROM Article t0 ([]) [] []
[2011-10-30 22:11:57] event.DEBUG: Notified event "kernel.exception" to listener "Symfony\Component\Security\Http\Firewall\ExceptionListener::onKernelException". [] []
[2011-10-30 22:11:57] event.DEBUG: Notified event "kernel.exception" to listener "Symfony\Component\HttpKernel\EventListener\ExceptionListener::onKernelException". [] []
[2011-10-30 22:11:57] request.CRITICAL: Twig_Error_Syntax: Unclosed "(" in "FabfotoGalleryBundle::layout.html.twig" at line 61 (uncaught exception) at /home/garciaf/FabFoto2/vendor/twig/lib/Twig/Lexer.php line 243 [] []
[2011-10-30 22:11:58] event.DEBUG: Notified event "kernel.request" to listener "Symfony\Bundle\FrameworkBundle\EventListener\RouterListener::onEarlyKernelRequest". [] []
[2011-10-30 22:11:58] event.DEBUG: Notified event "kernel.request" to listener "Symfony\Bundle\FrameworkBundle\EventListener\SessionListener::onKernelRequest". [] []
[2011-10-30 22:11:58] event.DEBUG: Notified event "kernel.request" to listener "Symfony\Component\Security\Http\Firewall::onKernelRequest". [] []
[2011-10-30 22:11:58] event.DEBUG: Notified event "kernel.request" to listener "Symfony\Bundle\FrameworkBundle\EventListener\RouterListener::onKernelRequest". [] []
[2011-10-30 22:11:58] event.DEBUG: Notified event "kernel.controller" to listener "Sensio\Bundle\FrameworkExtraBundle\EventListener\ControllerListener::onKernelController". [] []
[2011-10-30 22:11:58] event.DEBUG: Notified event "kernel.controller" to listener "Sensio\Bundle\FrameworkExtraBundle\EventListener\ParamConverterListener::onKernelController". [] []
[2011-10-30 22:11:58] event.DEBUG: Notified event "kernel.controller" to listener "Sensio\Bundle\FrameworkExtraBundle\EventListener\TemplateListener::onKernelController". [] []
[2011-10-30 22:11:58] event.DEBUG: Notified event "kernel.controller" to listener "JMS\SecurityExtraBundle\Controller\ControllerListener::onCoreController". [] []
[2011-10-30 22:12:02] event.DEBUG: Notified event "kernel.response" to listener "Symfony\Component\Security\Http\Firewall\ContextListener::onKernelResponse". [] []
[2011-10-30 22:12:02] event.DEBUG: Notified event "kernel.response" to listener "Symfony\Component\HttpKernel\EventListener\ResponseListener::onKernelResponse". [] []
[2011-10-30 22:12:02] event.DEBUG: Notified event "kernel.response" to listener "Symfony\Bundle\SecurityBundle\EventListener\ResponseListener::onKernelResponse". [] []
[2011-10-30 22:12:02] event.DEBUG: Notified event "kernel.response" to listener "Sensio\Bundle\FrameworkExtraBundle\EventListener\CacheListener::onKernelResponse". [] []
[2011-10-30 22:12:02] event.DEBUG: Listener "Symfony\Component\HttpKernel\EventListener\ExceptionListener::onKernelException" stopped propagation of the event "kernel.exception". [] []
[2011-10-30 22:12:02] event.DEBUG: Notified event "kernel.response" to listener "Symfony\Component\Security\Http\Firewall\ContextListener::onKernelResponse". [] []
[2011-10-30 22:12:02] event.DEBUG: Notified event "kernel.response" to listener "Symfony\Component\HttpKernel\EventListener\ResponseListener::onKernelResponse". [] []
[2011-10-30 22:12:02] event.DEBUG: Notified event "kernel.response" to listener "Symfony\Bundle\SecurityBundle\EventListener\ResponseListener::onKernelResponse". [] []
[2011-10-30 22:12:02] event.DEBUG: Notified event "kernel.response" to listener "Sensio\Bundle\FrameworkExtraBundle\EventListener\CacheListener::onKernelResponse". [] []
[2011-10-30 22:12:43] event.DEBUG: Notified event "kernel.request" to listener "Symfony\Bundle\FrameworkBundle\EventListener\RouterListener::onEarlyKernelRequest". [] []
[2011-10-30 22:12:43] event.DEBUG: Notified event "kernel.request" to listener "Symfony\Bundle\FrameworkBundle\EventListener\SessionListener::onKernelRequest". [] []
[2011-10-30 22:12:43] event.DEBUG: Notified event "kernel.request" to listener "Symfony\Component\Security\Http\Firewall::onKernelRequest". [] []
[2011-10-30 22:12:43] security.INFO: Populated SecurityContext with an anonymous Token [] []
[2011-10-30 22:12:43] event.DEBUG: Notified event "kernel.request" to listener "Symfony\Bundle\FrameworkBundle\EventListener\RouterListener::onKernelRequest". [] []
[2011-10-30 22:12:43] request.INFO: Matched route "show_articles" (parameters: "_controller": "Fabfoto\GalleryBundle\Controller\DefaultController::showArticlesAction", "_route": "show_articles") [] []
[2011-10-30 22:12:43] event.DEBUG: Notified event "kernel.controller" to listener "Sensio\Bundle\FrameworkExtraBundle\EventListener\ControllerListener::onKernelController". [] []
[2011-10-30 22:12:43] event.DEBUG: Notified event "kernel.controller" to listener "Sensio\Bundle\FrameworkExtraBundle\EventListener\ParamConverterListener::onKernelController". [] []
[2011-10-30 22:12:43] event.DEBUG: Notified event "kernel.controller" to listener "Sensio\Bundle\FrameworkExtraBundle\EventListener\TemplateListener::onKernelController". [] []
[2011-10-30 22:12:43] event.DEBUG: Notified event "kernel.controller" to listener "JMS\SecurityExtraBundle\Controller\ControllerListener::onCoreController". [] []
[2011-10-30 22:12:44] doctrine.DEBUG: SET NAMES UTF8 ([]) [] []
[2011-10-30 22:12:44] doctrine.DEBUG: SELECT t0.id AS id1, t0.title AS title2, t0.subtitle AS subtitle3, t0.createdAt AS createdAt4, t0.content AS content5, t0.author AS author6 FROM Article t0 ([]) [] []
[2011-10-30 22:12:46] event.DEBUG: Notified event "kernel.exception" to listener "Symfony\Component\Security\Http\Firewall\ExceptionListener::onKernelException". [] []
[2011-10-30 22:12:46] event.DEBUG: Notified event "kernel.exception" to listener "Symfony\Component\HttpKernel\EventListener\ExceptionListener::onKernelException". [] []
[2011-10-30 22:12:46] request.CRITICAL: Twig_Error_Runtime: An exception has been thrown during the rendering of a template ("Route "index_album" does not exist.") in "FabfotoGalleryBundle::layout.html.twig" at line 37. (uncaught exception) at /home/garciaf/FabFoto2/app/cache/prod/classes.php line 7800 [] []
[2011-10-30 22:12:46] event.DEBUG: Notified event "kernel.request" to listener "Symfony\Bundle\FrameworkBundle\EventListener\RouterListener::onEarlyKernelRequest". [] []
[2011-10-30 22:12:46] event.DEBUG: Notified event "kernel.request" to listener "Symfony\Bundle\FrameworkBundle\EventListener\SessionListener::onKernelRequest". [] []
[2011-10-30 22:12:46] event.DEBUG: Notified event "kernel.request" to listener "Symfony\Component\Security\Http\Firewall::onKernelRequest". [] []
[2011-10-30 22:12:46] event.DEBUG: Notified event "kernel.request" to listener "Symfony\Bundle\FrameworkBundle\EventListener\RouterListener::onKernelRequest". [] []
[2011-10-30 22:12:46] event.DEBUG: Notified event "kernel.controller" to listener "Sensio\Bundle\FrameworkExtraBundle\EventListener\ControllerListener::onKernelController". [] []
[2011-10-30 22:12:46] event.DEBUG: Notified event "kernel.controller" to listener "Sensio\Bundle\FrameworkExtraBundle\EventListener\ParamConverterListener::onKernelController". [] []
[2011-10-30 22:12:46] event.DEBUG: Notified event "kernel.controller" to listener "Sensio\Bundle\FrameworkExtraBundle\EventListener\TemplateListener::onKernelController". [] []
[2011-10-30 22:12:46] event.DEBUG: Notified event "kernel.controller" to listener "JMS\SecurityExtraBundle\Controller\ControllerListener::onCoreController". [] []
[2011-10-30 22:12:47] event.DEBUG: Notified event "kernel.response" to listener "Symfony\Component\Security\Http\Firewall\ContextListener::onKernelResponse". [] []
[2011-10-30 22:12:47] event.DEBUG: Notified event "kernel.response" to listener "Symfony\Component\HttpKernel\EventListener\ResponseListener::onKernelResponse". [] []
[2011-10-30 22:12:47] event.DEBUG: Notified event "kernel.response" to listener "Symfony\Bundle\SecurityBundle\EventListener\ResponseListener::onKernelResponse". [] []
[2011-10-30 22:12:47] event.DEBUG: Notified event "kernel.response" to listener "Sensio\Bundle\FrameworkExtraBundle\EventListener\CacheListener::onKernelResponse". [] []
[2011-10-30 22:12:47] event.DEBUG: Listener "Symfony\Component\HttpKernel\EventListener\ExceptionListener::onKernelException" stopped propagation of the event "kernel.exception". [] []
[2011-10-30 22:12:47] event.DEBUG: Notified event "kernel.response" to listener "Symfony\Component\Security\Http\Firewall\ContextListener::onKernelResponse". [] []
[2011-10-30 22:12:47] event.DEBUG: Notified event "kernel.response" to listener "Symfony\Component\HttpKernel\EventListener\ResponseListener::onKernelResponse". [] []
[2011-10-30 22:12:47] event.DEBUG: Notified event "kernel.response" to listener "Symfony\Bundle\SecurityBundle\EventListener\ResponseListener::onKernelResponse". [] []
[2011-10-30 22:12:47] event.DEBUG: Notified event "kernel.response" to listener "Sensio\Bundle\FrameworkExtraBundle\EventListener\CacheListener::onKernelResponse". [] []
[2011-10-30 22:17:56] event.DEBUG: Notified event "kernel.request" to listener "Symfony\Bundle\FrameworkBundle\EventListener\RouterListener::onEarlyKernelRequest". [] []
[2011-10-30 22:17:56] event.DEBUG: Notified event "kernel.request" to listener "Symfony\Bundle\FrameworkBundle\EventListener\SessionListener::onKernelRequest". [] []
[2011-10-30 22:17:56] event.DEBUG: Notified event "kernel.request" to listener "Symfony\Component\Security\Http\Firewall::onKernelRequest". [] []
[2011-10-30 22:17:56] security.INFO: Populated SecurityContext with an anonymous Token [] []
[2011-10-30 22:17:56] event.DEBUG: Notified event "kernel.request" to listener "Symfony\Bundle\FrameworkBundle\EventListener\RouterListener::onKernelRequest". [] []
[2011-10-30 22:17:59] event.DEBUG: Notified event "kernel.exception" to listener "Symfony\Component\Security\Http\Firewall\ExceptionListener::onKernelException". [] []
[2011-10-30 22:17:59] event.DEBUG: Notified event "kernel.exception" to listener "Symfony\Component\HttpKernel\EventListener\ExceptionListener::onKernelException". [] []
[2011-10-30 22:17:59] request.ERROR: Symfony\Component\HttpKernel\Exception\NotFoundHttpException: No route found for "GET /contac" (uncaught exception) at /home/garciaf/FabFoto2/app/cache/prod/classes.php line 4546 [] []
[2011-10-30 22:17:59] event.DEBUG: Notified event "kernel.request" to listener "Symfony\Bundle\FrameworkBundle\EventListener\RouterListener::onEarlyKernelRequest". [] []
[2011-10-30 22:17:59] event.DEBUG: Notified event "kernel.request" to listener "Symfony\Bundle\FrameworkBundle\EventListener\SessionListener::onKernelRequest". [] []
[2011-10-30 22:17:59] event.DEBUG: Notified event "kernel.request" to listener "Symfony\Component\Security\Http\Firewall::onKernelRequest". [] []
[2011-10-30 22:17:59] event.DEBUG: Notified event "kernel.request" to listener "Symfony\Bundle\FrameworkBundle\EventListener\RouterListener::onKernelRequest". [] []
[2011-10-30 22:18:00] event.DEBUG: Notified event "kernel.controller" to listener "Sensio\Bundle\FrameworkExtraBundle\EventListener\ControllerListener::onKernelController". [] []
[2011-10-30 22:18:00] event.DEBUG: Notified event "kernel.controller" to listener "Sensio\Bundle\FrameworkExtraBundle\EventListener\ParamConverterListener::onKernelController". [] []
[2011-10-30 22:18:00] event.DEBUG: Notified event "kernel.controller" to listener "Sensio\Bundle\FrameworkExtraBundle\EventListener\TemplateListener::onKernelController". [] []
[2011-10-30 22:18:00] event.DEBUG: Notified event "kernel.controller" to listener "JMS\SecurityExtraBundle\Controller\ControllerListener::onCoreController". [] []
[2011-10-30 22:18:04] event.DEBUG: Notified event "kernel.response" to listener "Symfony\Component\Security\Http\Firewall\ContextListener::onKernelResponse". [] []
[2011-10-30 22:18:04] event.DEBUG: Notified event "kernel.response" to listener "Symfony\Component\HttpKernel\EventListener\ResponseListener::onKernelResponse". [] []
[2011-10-30 22:18:04] event.DEBUG: Notified event "kernel.response" to listener "Symfony\Bundle\SecurityBundle\EventListener\ResponseListener::onKernelResponse". [] []
[2011-10-30 22:18:05] event.DEBUG: Notified event "kernel.response" to listener "Sensio\Bundle\FrameworkExtraBundle\EventListener\CacheListener::onKernelResponse". [] []
[2011-10-30 22:18:05] event.DEBUG: Listener "Symfony\Component\HttpKernel\EventListener\ExceptionListener::onKernelException" stopped propagation of the event "kernel.exception". [] []
[2011-10-30 22:18:05] event.DEBUG: Notified event "kernel.response" to listener "Symfony\Component\Security\Http\Firewall\ContextListener::onKernelResponse". [] []
[2011-10-30 22:18:05] event.DEBUG: Notified event "kernel.response" to listener "Symfony\Component\HttpKernel\EventListener\ResponseListener::onKernelResponse". [] []
[2011-10-30 22:18:05] event.DEBUG: Notified event "kernel.response" to listener "Symfony\Bundle\SecurityBundle\EventListener\ResponseListener::onKernelResponse". [] []
[2011-10-30 22:18:05] event.DEBUG: Notified event "kernel.response" to listener "Sensio\Bundle\FrameworkExtraBundle\EventListener\CacheListener::onKernelResponse". [] []
[2011-10-30 22:40:01] request.ERROR: Symfony\Component\HttpKernel\Exception\NotFoundHttpException: No route found for "GET /app/search" (uncaught exception) at /home/garciaf/FabFoto2/app/cache/prod/classes.php line 4546 [] []
[2011-10-30 22:40:16] request.ERROR: Symfony\Component\HttpKernel\Exception\NotFoundHttpException: No route found for "GET /app/" (uncaught exception) at /home/garciaf/FabFoto2/app/cache/prod/classes.php line 4546 [] []
[2011-10-30 22:41:23] request.ERROR: Symfony\Component\HttpKernel\Exception\NotFoundHttpException: No route found for "GET /app/albums" (uncaught exception) at /home/garciaf/FabFoto2/app/cache/prod/classes.php line 4546 [] []
[2011-10-30 22:45:36] event.DEBUG: Notified event "kernel.request" to listener "Symfony\Bundle\FrameworkBundle\EventListener\RouterListener::onEarlyKernelRequest". [] []
[2011-10-30 22:45:36] event.DEBUG: Notified event "kernel.request" to listener "Symfony\Bundle\FrameworkBundle\EventListener\SessionListener::onKernelRequest". [] []
[2011-10-30 22:45:36] event.DEBUG: Notified event "kernel.request" to listener "Symfony\Component\Security\Http\Firewall::onKernelRequest". [] []
[2011-10-30 22:45:36] security.INFO: Populated SecurityContext with an anonymous Token [] []
[2011-10-30 22:45:36] event.DEBUG: Notified event "kernel.request" to listener "Symfony\Bundle\FrameworkBundle\EventListener\RouterListener::onKernelRequest". [] []
[2011-10-30 22:45:37] event.DEBUG: Notified event "kernel.exception" to listener "Symfony\Component\Security\Http\Firewall\ExceptionListener::onKernelException". [] []
[2011-10-30 22:45:37] event.DEBUG: Notified event "kernel.exception" to listener "Symfony\Component\HttpKernel\EventListener\ExceptionListener::onKernelException". [] []
[2011-10-30 22:45:37] request.ERROR: Symfony\Component\HttpKernel\Exception\NotFoundHttpException: No route found for "GET /app/albums" (uncaught exception) at /home/garciaf/FabFoto2/app/cache/prod/classes.php line 4546 [] []
[2011-10-30 22:45:37] event.DEBUG: Notified event "kernel.request" to listener "Symfony\Bundle\FrameworkBundle\EventListener\RouterListener::onEarlyKernelRequest". [] []
[2011-10-30 22:45:37] event.DEBUG: Notified event "kernel.request" to listener "Symfony\Bundle\FrameworkBundle\EventListener\SessionListener::onKernelRequest". [] []
[2011-10-30 22:45:37] event.DEBUG: Notified event "kernel.request" to listener "Symfony\Component\Security\Http\Firewall::onKernelRequest". [] []
[2011-10-30 22:45:37] event.DEBUG: Notified event "kernel.request" to listener "Symfony\Bundle\FrameworkBundle\EventListener\RouterListener::onKernelRequest". [] []
[2011-10-30 22:45:37] event.DEBUG: Notified event "kernel.controller" to listener "Sensio\Bundle\FrameworkExtraBundle\EventListener\ControllerListener::onKernelController". [] []
[2011-10-30 22:45:37] event.DEBUG: Notified event "kernel.controller" to listener "Sensio\Bundle\FrameworkExtraBundle\EventListener\ParamConverterListener::onKernelController". [] []
[2011-10-30 22:45:37] event.DEBUG: Notified event "kernel.controller" to listener "Sensio\Bundle\FrameworkExtraBundle\EventListener\TemplateListener::onKernelController". [] []
[2011-10-30 22:45:37] event.DEBUG: Notified event "kernel.controller" to listener "JMS\SecurityExtraBundle\Controller\ControllerListener::onCoreController". [] []
[2011-10-30 22:45:39] event.DEBUG: Notified event "kernel.response" to listener "Symfony\Component\Security\Http\Firewall\ContextListener::onKernelResponse". [] []
[2011-10-30 22:45:39] event.DEBUG: Notified event "kernel.response" to listener "Symfony\Component\HttpKernel\EventListener\ResponseListener::onKernelResponse". [] []
[2011-10-30 22:45:39] event.DEBUG: Notified event "kernel.response" to listener "Symfony\Bundle\SecurityBundle\EventListener\ResponseListener::onKernelResponse". [] []
[2011-10-30 22:45:39] event.DEBUG: Notified event "kernel.response" to listener "Sensio\Bundle\FrameworkExtraBundle\EventListener\CacheListener::onKernelResponse". [] []
[2011-10-30 22:45:39] event.DEBUG: Listener "Symfony\Component\HttpKernel\EventListener\ExceptionListener::onKernelException" stopped propagation of the event "kernel.exception". [] []
[2011-10-30 22:45:39] event.DEBUG: Notified event "kernel.response" to listener "Symfony\Component\Security\Http\Firewall\ContextListener::onKernelResponse". [] []
[2011-10-30 22:45:39] event.DEBUG: Notified event "kernel.response" to listener "Symfony\Component\HttpKernel\EventListener\ResponseListener::onKernelResponse". [] []
[2011-10-30 22:45:39] event.DEBUG: Notified event "kernel.response" to listener "Symfony\Bundle\SecurityBundle\EventListener\ResponseListener::onKernelResponse". [] []
[2011-10-30 22:45:39] event.DEBUG: Notified event "kernel.response" to listener "Sensio\Bundle\FrameworkExtraBundle\EventListener\CacheListener::onKernelResponse". [] []
[2011-10-30 22:45:49] event.DEBUG: Notified event "kernel.request" to listener "Symfony\Bundle\FrameworkBundle\EventListener\RouterListener::onEarlyKernelRequest". [] []
[2011-10-30 22:45:49] event.DEBUG: Notified event "kernel.request" to listener "Symfony\Bundle\FrameworkBundle\EventListener\SessionListener::onKernelRequest". [] []
[2011-10-30 22:45:49] event.DEBUG: Notified event "kernel.request" to listener "Symfony\Component\Security\Http\Firewall::onKernelRequest". [] []
[2011-10-30 22:45:49] security.INFO: Populated SecurityContext with an anonymous Token [] []
[2011-10-30 22:45:49] event.DEBUG: Notified event "kernel.request" to listener "Symfony\Bundle\FrameworkBundle\EventListener\RouterListener::onKernelRequest". [] []
[2011-10-30 22:45:49] event.DEBUG: Notified event "kernel.exception" to listener "Symfony\Component\Security\Http\Firewall\ExceptionListener::onKernelException". [] []
[2011-10-30 22:45:49] event.DEBUG: Notified event "kernel.exception" to listener "Symfony\Component\HttpKernel\EventListener\ExceptionListener::onKernelException". [] []
[2011-10-30 22:45:49] request.ERROR: Symfony\Component\HttpKernel\Exception\NotFoundHttpException: No route found for "GET /app/" (uncaught exception) at /home/garciaf/FabFoto2/app/cache/prod/classes.php line 4546 [] []
[2011-10-30 22:45:49] event.DEBUG: Notified event "kernel.request" to listener "Symfony\Bundle\FrameworkBundle\EventListener\RouterListener::onEarlyKernelRequest". [] []
[2011-10-30 22:45:49] event.DEBUG: Notified event "kernel.request" to listener "Symfony\Bundle\FrameworkBundle\EventListener\SessionListener::onKernelRequest". [] []
[2011-10-30 22:45:49] event.DEBUG: Notified event "kernel.request" to listener "Symfony\Component\Security\Http\Firewall::onKernelRequest". [] []
[2011-10-30 22:45:49] event.DEBUG: Notified event "kernel.request" to listener "Symfony\Bundle\FrameworkBundle\EventListener\RouterListener::onKernelRequest". [] []
[2011-10-30 22:45:49] event.DEBUG: Notified event "kernel.controller" to listener "Sensio\Bundle\FrameworkExtraBundle\EventListener\ControllerListener::onKernelController". [] []
[2011-10-30 22:45:49] event.DEBUG: Notified event "kernel.controller" to listener "Sensio\Bundle\FrameworkExtraBundle\EventListener\ParamConverterListener::onKernelController". [] []
[2011-10-30 22:45:49] event.DEBUG: Notified event "kernel.controller" to listener "Sensio\Bundle\FrameworkExtraBundle\EventListener\TemplateListener::onKernelController". [] []
[2011-10-30 22:45:49] event.DEBUG: Notified event "kernel.controller" to listener "JMS\SecurityExtraBundle\Controller\ControllerListener::onCoreController". [] []
[2011-10-30 22:45:51] event.DEBUG: Notified event "kernel.response" to listener "Symfony\Component\Security\Http\Firewall\ContextListener::onKernelResponse". [] []
[2011-10-30 22:45:51] event.DEBUG: Notified event "kernel.response" to listener "Symfony\Component\HttpKernel\EventListener\ResponseListener::onKernelResponse". [] []
[2011-10-30 22:45:51] event.DEBUG: Notified event "kernel.response" to listener "Symfony\Bundle\SecurityBundle\EventListener\ResponseListener::onKernelResponse". [] []
[2011-10-30 22:45:51] event.DEBUG: Notified event "kernel.response" to listener "Sensio\Bundle\FrameworkExtraBundle\EventListener\CacheListener::onKernelResponse". [] []
[2011-10-30 22:45:51] event.DEBUG: Listener "Symfony\Component\HttpKernel\EventListener\ExceptionListener::onKernelException" stopped propagation of the event "kernel.exception". [] []
[2011-10-30 22:45:51] event.DEBUG: Notified event "kernel.response" to listener "Symfony\Component\Security\Http\Firewall\ContextListener::onKernelResponse". [] []
[2011-10-30 22:45:51] event.DEBUG: Notified event "kernel.response" to listener "Symfony\Component\HttpKernel\EventListener\ResponseListener::onKernelResponse". [] []
[2011-10-30 22:45:51] event.DEBUG: Notified event "kernel.response" to listener "Symfony\Bundle\SecurityBundle\EventListener\ResponseListener::onKernelResponse". [] []
[2011-10-30 22:45:51] event.DEBUG: Notified event "kernel.response" to listener "Sensio\Bundle\FrameworkExtraBundle\EventListener\CacheListener::onKernelResponse". [] []
[2011-10-31 21:59:09] request.ERROR: Symfony\Component\HttpKernel\Exception\NotFoundHttpException: No route found for "GET /mobile/admin" (uncaught exception) at /home/garciaf/FabFoto2/app/cache/prod/classes.php line 4546 [] []
[2011-10-31 21:59:22] request.ERROR: Symfony\Component\HttpKernel\Exception\NotFoundHttpException: No route found for "GET /admin" (uncaught exception) at /home/garciaf/FabFoto2/app/cache/prod/classes.php line 4546 [] []
[2011-10-31 21:59:41] request.INFO: Matched route "fabfoto_logout" (parameters: "_controller": "Fabfoto\GalleryBundle\Controller\SecurityController::logoutAction", "_route": "fabfoto_logout") [] []
[2011-10-31 21:59:41] request.CRITICAL: LogicException: The controller must return a response (null given). Did you forget to add a return statement somewhere in your controller? (uncaught exception) at /home/garciaf/FabFoto2/app/cache/prod/classes.php line 3899 [] []
[2011-10-31 22:00:42] request.ERROR: Symfony\Component\HttpKernel\Exception\NotFoundHttpException: No route found for "GET /admin/" (uncaught exception) at /home/garciaf/FabFoto2/app/cache/prod/classes.php line 4546 [] []
[2011-10-31 22:00:52] request.INFO: Matched route "fabfoto_logout" (parameters: "_controller": "Fabfoto\GalleryBundle\Controller\SecurityController::logoutAction", "_route": "fabfoto_logout") [] []
[2011-10-31 22:00:52] request.CRITICAL: LogicException: The controller must return a response (null given). Did you forget to add a return statement somewhere in your controller? (uncaught exception) at /home/garciaf/FabFoto2/app/cache/prod/classes.php line 3899 [] []
[2011-10-31 22:17:05] request.INFO: Matched route "fabfoto_logout" (parameters: "_controller": "Fabfoto\GalleryBundle\Controller\SecurityController::logoutAction", "_route": "fabfoto_logout") [] []
[2011-10-31 22:17:05] request.CRITICAL: LogicException: The controller must return a response (null given). Did you forget to add a return statement somewhere in your controller? (uncaught exception) at /home/garciaf/FabFoto2/app/cache/prod/classes.php line 3899 [] []
[2011-11-01 12:26:47] event.DEBUG: Notified event "kernel.request" to listener "Symfony\Bundle\FrameworkBundle\EventListener\RouterListener::onEarlyKernelRequest". [] []
[2011-11-01 12:26:47] event.DEBUG: Notified event "kernel.request" to listener "Symfony\Bundle\FrameworkBundle\EventListener\SessionListener::onKernelRequest". [] []
[2011-11-01 12:26:47] event.DEBUG: Notified event "kernel.request" to listener "Symfony\Component\Security\Http\Firewall::onKernelRequest". [] []
[2011-11-01 12:26:47] security.INFO: Populated SecurityContext with an anonymous Token [] []
[2011-11-01 12:26:47] event.DEBUG: Notified event "kernel.request" to listener "Symfony\Bundle\FrameworkBundle\EventListener\RouterListener::onKernelRequest". [] []
[2011-11-01 12:26:48] request.INFO: Matched route "index_album" (parameters: "_controller": "Fabfoto\GalleryBundle\Controller\DefaultController::indexAlbumsAction", "_route": "index_album") [] []
[2011-11-01 12:26:48] event.DEBUG: Notified event "kernel.controller" to listener "Sensio\Bundle\FrameworkExtraBundle\EventListener\ControllerListener::onKernelController". [] []
[2011-11-01 12:26:48] event.DEBUG: Notified event "kernel.controller" to listener "Sensio\Bundle\FrameworkExtraBundle\EventListener\ParamConverterListener::onKernelController". [] []
[2011-11-01 12:26:48] event.DEBUG: Notified event "kernel.controller" to listener "Sensio\Bundle\FrameworkExtraBundle\EventListener\TemplateListener::onKernelController". [] []
[2011-11-01 12:26:48] event.DEBUG: Notified event "kernel.controller" to listener "JMS\SecurityExtraBundle\Controller\ControllerListener::onCoreController". [] []
[2011-11-01 12:26:49] doctrine.DEBUG: SET NAMES UTF8 ([]) [] []
[2011-11-01 12:26:49] doctrine.DEBUG: SELECT t0.id AS id1, t0.name AS name2, t0.comment AS comment3, t0.createdAt AS createdAt4 FROM Album t0 ([]) [] []
[2011-11-01 12:26:49] event.DEBUG: Notified event "kernel.exception" to listener "Symfony\Component\Security\Http\Firewall\ExceptionListener::onKernelException". [] []
[2011-11-01 12:26:49] event.DEBUG: Notified event "kernel.exception" to listener "Symfony\Component\HttpKernel\EventListener\ExceptionListener::onKernelException". [] []
[2011-11-01 12:26:49] request.CRITICAL: Twig_Error_Syntax: Unexpected "}" in "FabfotoGalleryBundle:Default:indexAlbum.html.twig" at line 5 (uncaught exception) at /home/garciaf/FabFoto2/vendor/twig/lib/Twig/Lexer.php line 238 [] []
[2011-11-01 12:26:50] event.DEBUG: Notified event "kernel.request" to listener "Symfony\Bundle\FrameworkBundle\EventListener\RouterListener::onEarlyKernelRequest". [] []
[2011-11-01 12:26:50] event.DEBUG: Notified event "kernel.request" to listener "Symfony\Bundle\FrameworkBundle\EventListener\SessionListener::onKernelRequest". [] []
[2011-11-01 12:26:50] event.DEBUG: Notified event "kernel.request" to listener "Symfony\Component\Security\Http\Firewall::onKernelRequest". [] []
[2011-11-01 12:26:50] event.DEBUG: Notified event "kernel.request" to listener "Symfony\Bundle\FrameworkBundle\EventListener\RouterListener::onKernelRequest". [] []
[2011-11-01 12:26:50] event.DEBUG: Notified event "kernel.controller" to listener "Sensio\Bundle\FrameworkExtraBundle\EventListener\ControllerListener::onKernelController". [] []
[2011-11-01 12:26:50] event.DEBUG: Notified event "kernel.controller" to listener "Sensio\Bundle\FrameworkExtraBundle\EventListener\ParamConverterListener::onKernelController". [] []
[2011-11-01 12:26:50] event.DEBUG: Notified event "kernel.controller" to listener "Sensio\Bundle\FrameworkExtraBundle\EventListener\TemplateListener::onKernelController". [] []
[2011-11-01 12:26:50] event.DEBUG: Notified event "kernel.controller" to listener "JMS\SecurityExtraBundle\Controller\ControllerListener::onCoreController". [] []
[2011-11-01 12:26:51] event.DEBUG: Notified event "kernel.response" to listener "Symfony\Component\Security\Http\Firewall\ContextListener::onKernelResponse". [] []
[2011-11-01 12:26:51] event.DEBUG: Notified event "kernel.response" to listener "Symfony\Component\HttpKernel\EventListener\ResponseListener::onKernelResponse". [] []
[2011-11-01 12:26:51] event.DEBUG: Notified event "kernel.response" to listener "Symfony\Bundle\SecurityBundle\EventListener\ResponseListener::onKernelResponse". [] []
[2011-11-01 12:26:51] event.DEBUG: Notified event "kernel.response" to listener "Sensio\Bundle\FrameworkExtraBundle\EventListener\CacheListener::onKernelResponse". [] []
[2011-11-01 12:26:51] event.DEBUG: Listener "Symfony\Component\HttpKernel\EventListener\ExceptionListener::onKernelException" stopped propagation of the event "kernel.exception". [] []
[2011-11-01 12:26:51] event.DEBUG: Notified event "kernel.response" to listener "Symfony\Component\Security\Http\Firewall\ContextListener::onKernelResponse". [] []
[2011-11-01 12:26:51] event.DEBUG: Notified event "kernel.response" to listener "Symfony\Component\HttpKernel\EventListener\ResponseListener::onKernelResponse". [] []
[2011-11-01 12:26:51] event.DEBUG: Notified event "kernel.response" to listener "Symfony\Bundle\SecurityBundle\EventListener\ResponseListener::onKernelResponse". [] []
[2011-11-01 12:26:51] event.DEBUG: Notified event "kernel.response" to listener "Sensio\Bundle\FrameworkExtraBundle\EventListener\CacheListener::onKernelResponse". [] []
[2011-11-01 12:32:21] event.DEBUG: Notified event "kernel.request" to listener "Symfony\Bundle\FrameworkBundle\EventListener\RouterListener::onEarlyKernelRequest". [] []
[2011-11-01 12:32:21] event.DEBUG: Notified event "kernel.request" to listener "Symfony\Bundle\FrameworkBundle\EventListener\SessionListener::onKernelRequest". [] []
[2011-11-01 12:32:21] event.DEBUG: Notified event "kernel.request" to listener "Symfony\Component\Security\Http\Firewall::onKernelRequest". [] []
[2011-11-01 12:32:22] security.INFO: Populated SecurityContext with an anonymous Token [] []
[2011-11-01 12:32:22] event.DEBUG: Notified event "kernel.request" to listener "Symfony\Bundle\FrameworkBundle\EventListener\RouterListener::onKernelRequest". [] []
[2011-11-01 12:32:22] request.INFO: Matched route "index_album" (parameters: "_controller": "Fabfoto\GalleryBundle\Controller\DefaultController::indexAlbumsAction", "_route": "index_album") [] []
[2011-11-01 12:32:22] event.DEBUG: Notified event "kernel.controller" to listener "Sensio\Bundle\FrameworkExtraBundle\EventListener\ControllerListener::onKernelController". [] []
[2011-11-01 12:32:22] event.DEBUG: Notified event "kernel.controller" to listener "Sensio\Bundle\FrameworkExtraBundle\EventListener\ParamConverterListener::onKernelController". [] []
[2011-11-01 12:32:22] event.DEBUG: Notified event "kernel.controller" to listener "Sensio\Bundle\FrameworkExtraBundle\EventListener\TemplateListener::onKernelController". [] []
[2011-11-01 12:32:22] event.DEBUG: Notified event "kernel.controller" to listener "JMS\SecurityExtraBundle\Controller\ControllerListener::onCoreController". [] []
[2011-11-01 12:32:22] doctrine.DEBUG: SET NAMES UTF8 ([]) [] []
[2011-11-01 12:32:22] doctrine.DEBUG: SELECT t0.id AS id1, t0.name AS name2, t0.comment AS comment3, t0.createdAt AS createdAt4 FROM Album t0 ([]) [] []
[2011-11-01 12:32:22] doctrine.DEBUG: SELECT t0.id AS id1, t0.name AS name2, t0.location AS location3, t0.createdAt AS createdAt4, t0.is_background AS is_background5, t0.album_id AS album_id6 FROM Picture t0 WHERE t0.album_id = ? ([3]) [] []
[2011-11-01 12:32:22] event.DEBUG: Notified event "kernel.exception" to listener "Symfony\Component\Security\Http\Firewall\ExceptionListener::onKernelException". [] []
[2011-11-01 12:32:22] event.DEBUG: Notified event "kernel.exception" to listener "Symfony\Component\HttpKernel\EventListener\ExceptionListener::onKernelException". [] []
[2011-11-01 12:32:22] request.CRITICAL: Twig_Error_Runtime: Method "title" for object "Fabfoto\GalleryBundle\Entity\Album" does not exist in "FabfotoGalleryBundle:Default:indexAlbum.html.twig" at line 8 (uncaught exception) at /home/garciaf/FabFoto2/app/cache/prod/classes.php line 7939 [] []
[2011-11-01 12:32:22] event.DEBUG: Notified event "kernel.request" to listener "Symfony\Bundle\FrameworkBundle\EventListener\RouterListener::onEarlyKernelRequest". [] []
[2011-11-01 12:32:22] event.DEBUG: Notified event "kernel.request" to listener "Symfony\Bundle\FrameworkBundle\EventListener\SessionListener::onKernelRequest". [] []
[2011-11-01 12:32:22] event.DEBUG: Notified event "kernel.request" to listener "Symfony\Component\Security\Http\Firewall::onKernelRequest". [] []
[2011-11-01 12:32:22] event.DEBUG: Notified event "kernel.request" to listener "Symfony\Bundle\FrameworkBundle\EventListener\RouterListener::onKernelRequest". [] []
[2011-11-01 12:32:22] event.DEBUG: Notified event "kernel.controller" to listener "Sensio\Bundle\FrameworkExtraBundle\EventListener\ControllerListener::onKernelController". [] []
[2011-11-01 12:32:22] event.DEBUG: Notified event "kernel.controller" to listener "Sensio\Bundle\FrameworkExtraBundle\EventListener\ParamConverterListener::onKernelController". [] []
[2011-11-01 12:32:22] event.DEBUG: Notified event "kernel.controller" to listener "Sensio\Bundle\FrameworkExtraBundle\EventListener\TemplateListener::onKernelController". [] []
[2011-11-01 12:32:22] event.DEBUG: Notified event "kernel.controller" to listener "JMS\SecurityExtraBundle\Controller\ControllerListener::onCoreController". [] []
[2011-11-01 12:32:23] event.DEBUG: Notified event "kernel.response" to listener "Symfony\Component\Security\Http\Firewall\ContextListener::onKernelResponse". [] []
[2011-11-01 12:32:23] event.DEBUG: Notified event "kernel.response" to listener "Symfony\Component\HttpKernel\EventListener\ResponseListener::onKernelResponse". [] []
[2011-11-01 12:32:23] event.DEBUG: Notified event "kernel.response" to listener "Symfony\Bundle\SecurityBundle\EventListener\ResponseListener::onKernelResponse". [] []
[2011-11-01 12:32:23] event.DEBUG: Notified event "kernel.response" to listener "Sensio\Bundle\FrameworkExtraBundle\EventListener\CacheListener::onKernelResponse". [] []
[2011-11-01 12:32:23] event.DEBUG: Listener "Symfony\Component\HttpKernel\EventListener\ExceptionListener::onKernelException" stopped propagation of the event "kernel.exception". [] []
[2011-11-01 12:32:23] event.DEBUG: Notified event "kernel.response" to listener "Symfony\Component\Security\Http\Firewall\ContextListener::onKernelResponse". [] []
[2011-11-01 12:32:23] event.DEBUG: Notified event "kernel.response" to listener "Symfony\Component\HttpKernel\EventListener\ResponseListener::onKernelResponse". [] []
[2011-11-01 12:32:23] event.DEBUG: Notified event "kernel.response" to listener "Symfony\Bundle\SecurityBundle\EventListener\ResponseListener::onKernelResponse". [] []
[2011-11-01 12:32:23] event.DEBUG: Notified event "kernel.response" to listener "Sensio\Bundle\FrameworkExtraBundle\EventListener\CacheListener::onKernelResponse". [] []
[2011-11-01 12:32:21] event.DEBUG: Notified event "kernel.request" to listener "Symfony\Bundle\FrameworkBundle\EventListener\RouterListener::onEarlyKernelRequest". [] []
[2011-11-01 12:32:21] event.DEBUG: Notified event "kernel.request" to listener "Symfony\Bundle\FrameworkBundle\EventListener\SessionListener::onKernelRequest". [] []
[2011-11-01 12:32:23] event.DEBUG: Notified event "kernel.request" to listener "Symfony\Component\Security\Http\Firewall::onKernelRequest". [] []
[2011-11-01 12:32:23] security.INFO: Populated SecurityContext with an anonymous Token [] []
[2011-11-01 12:32:23] event.DEBUG: Notified event "kernel.request" to listener "Symfony\Bundle\FrameworkBundle\EventListener\RouterListener::onKernelRequest". [] []
[2011-11-01 12:32:23] request.INFO: Matched route "index_album" (parameters: "_controller": "Fabfoto\GalleryBundle\Controller\DefaultController::indexAlbumsAction", "_route": "index_album") [] []
[2011-11-01 12:32:23] event.DEBUG: Notified event "kernel.controller" to listener "Sensio\Bundle\FrameworkExtraBundle\EventListener\ControllerListener::onKernelController". [] []
[2011-11-01 12:32:23] event.DEBUG: Notified event "kernel.controller" to listener "Sensio\Bundle\FrameworkExtraBundle\EventListener\ParamConverterListener::onKernelController". [] []
[2011-11-01 12:32:23] event.DEBUG: Notified event "kernel.controller" to listener "Sensio\Bundle\FrameworkExtraBundle\EventListener\TemplateListener::onKernelController". [] []
[2011-11-01 12:32:23] event.DEBUG: Notified event "kernel.controller" to listener "JMS\SecurityExtraBundle\Controller\ControllerListener::onCoreController". [] []
[2011-11-01 12:32:23] doctrine.DEBUG: SET NAMES UTF8 ([]) [] []
[2011-11-01 12:32:23] doctrine.DEBUG: SELECT t0.id AS id1, t0.name AS name2, t0.comment AS comment3, t0.createdAt AS createdAt4 FROM Album t0 ([]) [] []
[2011-11-01 12:32:24] doctrine.DEBUG: SELECT t0.id AS id1, t0.name AS name2, t0.location AS location3, t0.createdAt AS createdAt4, t0.is_background AS is_background5, t0.album_id AS album_id6 FROM Picture t0 WHERE t0.album_id = ? ([3]) [] []
[2011-11-01 12:32:24] event.DEBUG: Notified event "kernel.exception" to listener "Symfony\Component\Security\Http\Firewall\ExceptionListener::onKernelException". [] []
[2011-11-01 12:32:24] event.DEBUG: Notified event "kernel.exception" to listener "Symfony\Component\HttpKernel\EventListener\ExceptionListener::onKernelException". [] []
[2011-11-01 12:32:24] request.CRITICAL: Twig_Error_Runtime: Method "title" for object "Fabfoto\GalleryBundle\Entity\Album" does not exist in "FabfotoGalleryBundle:Default:indexAlbum.html.twig" at line 8 (uncaught exception) at /home/garciaf/FabFoto2/app/cache/prod/classes.php line 7939 [] []
[2011-11-01 12:32:24] event.DEBUG: Notified event "kernel.request" to listener "Symfony\Bundle\FrameworkBundle\EventListener\RouterListener::onEarlyKernelRequest". [] []
[2011-11-01 12:32:24] event.DEBUG: Notified event "kernel.request" to listener "Symfony\Bundle\FrameworkBundle\EventListener\SessionListener::onKernelRequest". [] []
[2011-11-01 12:32:24] event.DEBUG: Notified event "kernel.request" to listener "Symfony\Component\Security\Http\Firewall::onKernelRequest". [] []
[2011-11-01 12:32:24] event.DEBUG: Notified event "kernel.request" to listener "Symfony\Bundle\FrameworkBundle\EventListener\RouterListener::onKernelRequest". [] []
[2011-11-01 12:32:24] event.DEBUG: Notified event "kernel.controller" to listener "Sensio\Bundle\FrameworkExtraBundle\EventListener\ControllerListener::onKernelController". [] []
[2011-11-01 12:32:24] event.DEBUG: Notified event "kernel.controller" to listener "Sensio\Bundle\FrameworkExtraBundle\EventListener\ParamConverterListener::onKernelController". [] []
[2011-11-01 12:32:24] event.DEBUG: Notified event "kernel.controller" to listener "Sensio\Bundle\FrameworkExtraBundle\EventListener\TemplateListener::onKernelController". [] []
[2011-11-01 12:32:24] event.DEBUG: Notified event "kernel.controller" to listener "JMS\SecurityExtraBundle\Controller\ControllerListener::onCoreController". [] []
[2011-11-01 12:32:25] event.DEBUG: Notified event "kernel.response" to listener "Symfony\Component\Security\Http\Firewall\ContextListener::onKernelResponse". [] []
[2011-11-01 12:32:25] event.DEBUG: Notified event "kernel.response" to listener "Symfony\Component\HttpKernel\EventListener\ResponseListener::onKernelResponse". [] []
[2011-11-01 12:32:25] event.DEBUG: Notified event "kernel.response" to listener "Symfony\Bundle\SecurityBundle\EventListener\ResponseListener::onKernelResponse". [] []
[2011-11-01 12:32:25] event.DEBUG: Notified event "kernel.response" to listener "Sensio\Bundle\FrameworkExtraBundle\EventListener\CacheListener::onKernelResponse". [] []
[2011-11-01 12:32:25] event.DEBUG: Listener "Symfony\Component\HttpKernel\EventListener\ExceptionListener::onKernelException" stopped propagation of the event "kernel.exception". [] []
[2011-11-01 12:32:25] event.DEBUG: Notified event "kernel.response" to listener "Symfony\Component\Security\Http\Firewall\ContextListener::onKernelResponse". [] []
[2011-11-01 12:32:25] event.DEBUG: Notified event "kernel.response" to listener "Symfony\Component\HttpKernel\EventListener\ResponseListener::onKernelResponse". [] []
[2011-11-01 12:32:25] event.DEBUG: Notified event "kernel.response" to listener "Symfony\Bundle\SecurityBundle\EventListener\ResponseListener::onKernelResponse". [] []
[2011-11-01 12:32:25] event.DEBUG: Notified event "kernel.response" to listener "Sensio\Bundle\FrameworkExtraBundle\EventListener\CacheListener::onKernelResponse". [] []
[2011-11-01 12:35:13] request.INFO: Matched route "fabfoto_logout" (parameters: "_controller": "Fabfoto\GalleryBundle\Controller\SecurityController::logoutAction", "_route": "fabfoto_logout") [] []
[2011-11-01 12:35:13] request.CRITICAL: LogicException: The controller must return a response (null given). Did you forget to add a return statement somewhere in your controller? (uncaught exception) at /home/garciaf/FabFoto2/app/cache/prod/classes.php line 3899 [] []
[2011-11-01 14:20:45] security.INFO: Populated SecurityContext with an anonymous Token [] []
[2011-11-01 14:20:45] request.ERROR: Symfony\Component\HttpKernel\Exception\NotFoundHttpException: No route found for "GET /albumsghkkj" (uncaught exception) at /home/garciaf/FabFoto2/app/cache/prod/classes.php line 4546 [] []
[2011-11-01 21:10:01] security.INFO: Populated SecurityContext with an anonymous Token [] []
[2011-11-01 21:10:01] request.ERROR: Symfony\Component\HttpKernel\Exception\NotFoundHttpException: No route found for "GET /albumsyguio" (uncaught exception) at /home/garciaf/FabFoto2/app/cache/prod/classes.php line 4546 [] []
[2011-11-01 21:10:34] security.INFO: Populated SecurityContext with an anonymous Token [] []
[2011-11-01 21:10:34] request.ERROR: Symfony\Component\HttpKernel\Exception\NotFoundHttpException: No route found for "GET /albumsyguio" (uncaught exception) at /home/garciaf/FabFoto2/app/cache/prod/classes.php line 4546 [] []
[2011-11-01 21:10:54] security.INFO: Populated SecurityContext with an anonymous Token [] []
[2011-11-01 21:10:54] request.ERROR: Symfony\Component\HttpKernel\Exception\NotFoundHttpException: No route found for "GET /albumsyguio" (uncaught exception) at /home/garciaf/FabFoto2/vendor/symfony/src/Symfony/Bundle/FrameworkBundle/EventListener/RouterListener.php line 85 [] []
[2011-11-01 21:12:49] security.INFO: Populated SecurityContext with an anonymous Token [] []
[2011-11-01 21:12:49] request.ERROR: Symfony\Component\HttpKernel\Exception\NotFoundHttpException: No route found for "GET /fhjk" (uncaught exception) at /home/garciaf/FabFoto2/app/cache/prod/classes.php line 4546 [] []
[2011-11-01 21:13:12] security.INFO: Populated SecurityContext with an anonymous Token [] []
[2011-11-01 21:13:12] request.ERROR: Symfony\Component\HttpKernel\Exception\NotFoundHttpException: No route found for "GET /fhjk" (uncaught exception) at /home/garciaf/FabFoto2/vendor/symfony/src/Symfony/Bundle/FrameworkBundle/EventListener/RouterListener.php line 85 [] []
[2011-11-03 21:29:05] security.INFO: Populated SecurityContext with an anonymous Token [] []
[2011-11-03 21:29:05] request.ERROR: Symfony\Component\HttpKernel\Exception\NotFoundHttpException: No route found for "GET /" (uncaught exception) at /home/garciaf/FabFoto2/vendor/symfony/src/Symfony/Bundle/FrameworkBundle/EventListener/RouterListener.php line 85 [] []
[2011-11-11 03:02:43] security.INFO: Populated SecurityContext with an anonymous Token [] []
[2011-11-11 03:02:43] request.ERROR: Symfony\Component\HttpKernel\Exception\NotFoundHttpException: No route found for "GET /albums/admin/" (uncaught exception) at /homez.53/fabbook/www/fabfoto2/app/cache/prod/classes.php line 4543 [] []
[2011-11-11 03:03:11] security.DEBUG: Read SecurityContext from the session [] []
[2011-11-11 03:03:11] security.DEBUG: Reloading user from user provider. [] []
[2011-11-11 03:03:11] security.DEBUG: Username "garciaf" was reloaded from user provider. [] []
[2011-11-11 03:03:11] request.ERROR: Symfony\Component\HttpKernel\Exception\NotFoundHttpException: No route found for "GET /admin/" (uncaught exception) at /homez.53/fabbook/www/fabfoto2/app/cache/prod/classes.php line 4543 [] []
[2011-11-11 03:03:11] security.DEBUG: Write SecurityContext in the session [] []
[2011-11-11 11:17:11] security.INFO: Populated SecurityContext with an anonymous Token [] []
[2011-11-11 11:17:11] request.ERROR: Symfony\Component\HttpKernel\Exception\NotFoundHttpException: No route found for "GET /app" (uncaught exception) at /homez.53/fabbook/www/fabfoto2/app/cache/prod/classes.php line 4543 [] []
[2011-11-11 13:45:44] security.INFO: Populated SecurityContext with an anonymous Token [] []
[2011-11-11 13:45:44] request.ERROR: Symfony\Component\HttpKernel\Exception\NotFoundHttpException: No route found for "GET /ad" (uncaught exception) at /homez.53/fabbook/www/fabfoto2/app/cache/prod/classes.php line 4543 [] []
[2011-11-11 13:45:44] security.INFO: Populated SecurityContext with an anonymous Token [] []
[2011-11-11 13:45:44] request.ERROR: Symfony\Component\HttpKernel\Exception\NotFoundHttpException: No route found for "GET /a" (uncaught exception) at /homez.53/fabbook/www/fabfoto2/app/cache/prod/classes.php line 4543 [] []
[2011-11-11 13:45:45] security.INFO: Populated SecurityContext with an anonymous Token [] []
[2011-11-11 13:45:45] request.ERROR: Symfony\Component\HttpKernel\Exception\NotFoundHttpException: No route found for "GET /adm" (uncaught exception) at /homez.53/fabbook/www/fabfoto2/app/cache/prod/classes.php line 4543 [] []
[2011-11-11 13:45:46] security.INFO: Populated SecurityContext with an anonymous Token [] []
[2011-11-11 13:45:46] request.ERROR: Symfony\Component\HttpKernel\Exception\NotFoundHttpException: No route found for "GET /admin" (uncaught exception) at /homez.53/fabbook/www/fabfoto2/app/cache/prod/classes.php line 4543 [] []
[2011-11-11 13:46:09] security.DEBUG: Read SecurityContext from the session [] []
[2011-11-11 13:46:09] security.DEBUG: Reloading user from user provider. [] []
[2011-11-11 13:46:09] security.DEBUG: Username "garciaf" was reloaded from user provider. [] []
[2011-11-11 13:46:09] request.ERROR: Symfony\Component\HttpKernel\Exception\NotFoundHttpException: No route found for "GET /admin/" (uncaught exception) at /homez.53/fabbook/www/fabfoto2/app/cache/prod/classes.php line 4543 [] []
[2011-11-11 13:46:09] security.DEBUG: Write SecurityContext in the session [] []
[2011-11-11 13:46:50] security.DEBUG: Read SecurityContext from the session [] []
[2011-11-11 13:46:50] security.DEBUG: Reloading user from user provider. [] []
[2011-11-11 13:46:50] security.DEBUG: Username "garciaf" was reloaded from user provider. [] []
[2011-11-11 13:46:50] request.INFO: Matched route "adminPicture_create" (parameters: "_controller": "Fabfoto\GalleryBundle\Controller\PictureController::createAction", "_route": "adminPicture_create") [] []
[2011-11-11 13:46:51] request.CRITICAL: InvalidArgumentException: There is no file to upload! (uncaught exception) at /homez.53/fabbook/www/fabfoto2/src/Fabfoto/GalleryBundle/Uploader/PictureUploader.php line 43 [] []
[2011-11-11 13:46:51] security.DEBUG: Write SecurityContext in the session [] []
[2011-11-11 13:46:54] security.DEBUG: Read SecurityContext from the session [] []
[2011-11-11 13:46:54] security.DEBUG: Reloading user from user provider. [] []
[2011-11-11 13:46:54] security.DEBUG: Username "garciaf" was reloaded from user provider. [] []
[2011-11-11 13:46:54] request.INFO: Matched route "adminPicture_create" (parameters: "_controller": "Fabfoto\GalleryBundle\Controller\PictureController::createAction", "_route": "adminPicture_create") [] []
[2011-11-11 13:46:54] request.CRITICAL: InvalidArgumentException: There is no file to upload! (uncaught exception) at /homez.53/fabbook/www/fabfoto2/src/Fabfoto/GalleryBundle/Uploader/PictureUploader.php line 43 [] []
[2011-11-11 13:46:54] security.DEBUG: Write SecurityContext in the session [] []
[2011-11-11 13:46:55] security.DEBUG: Read SecurityContext from the session [] []
[2011-11-11 13:46:55] security.DEBUG: Reloading user from user provider. [] []
[2011-11-11 13:46:55] security.DEBUG: Username "garciaf" was reloaded from user provider. [] []
[2011-11-11 13:46:55] request.INFO: Matched route "adminPicture_create" (parameters: "_controller": "Fabfoto\GalleryBundle\Controller\PictureController::createAction", "_route": "adminPicture_create") [] []
[2011-11-11 13:46:56] request.CRITICAL: InvalidArgumentException: There is no file to upload! (uncaught exception) at /homez.53/fabbook/www/fabfoto2/src/Fabfoto/GalleryBundle/Uploader/PictureUploader.php line 43 [] []
[2011-11-11 13:46:56] security.DEBUG: Write SecurityContext in the session [] []
